c:\users\mits\source\repos\categorizing-polyhedral-dice\categorizingpolyhedraldice\categorizingpolyhedraldice\x64\debug\vc141.pdb
c:\users\mits\source\repos\categorizing-polyhedral-dice\categorizingpolyhedraldice\categorizingpolyhedraldice\x64\debug\vc141.idb
c:\users\mits\source\repos\categorizing-polyhedral-dice\categorizingpolyhedraldice\categorizingpolyhedraldice\x64\debug\main.obj
c:\users\mits\source\repos\categorizing-polyhedral-dice\categorizingpolyhedraldice\categorizingpolyhedraldice\x64\debug\imageeditor.obj
c:\users\mits\source\repos\categorizing-polyhedral-dice\categorizingpolyhedraldice\categorizingpolyhedraldice\x64\debug\gaussianblureditor.obj
c:\users\mits\source\repos\categorizing-polyhedral-dice\categorizingpolyhedraldice\categorizingpolyhedraldice\x64\debug\edgedetector.obj
c:\users\mits\source\repos\categorizing-polyhedral-dice\categorizingpolyhedraldice\x64\debug\categorizingpolyhedraldice.pdb
c:\users\mits\source\repos\categorizing-polyhedral-dice\categorizingpolyhedraldice\categorizingpolyhedraldice\x64\debug\categori.9dd66d91.tlog\cl.command.1.tlog
c:\users\mits\source\repos\categorizing-polyhedral-dice\categorizingpolyhedraldice\categorizingpolyhedraldice\x64\debug\categori.9dd66d91.tlog\cl.read.1.tlog
c:\users\mits\source\repos\categorizing-polyhedral-dice\categorizingpolyhedraldice\categorizingpolyhedraldice\x64\debug\categori.9dd66d91.tlog\cl.write.1.tlog
c:\users\mits\source\repos\categorizing-polyhedral-dice\categorizingpolyhedraldice\categorizingpolyhedraldice\x64\debug\categori.9dd66d91.tlog\link-cvtres.read.1.tlog
c:\users\mits\source\repos\categorizing-polyhedral-dice\categorizingpolyhedraldice\categorizingpolyhedraldice\x64\debug\categori.9dd66d91.tlog\link-cvtres.write.1.tlog
c:\users\mits\source\repos\categorizing-polyhedral-dice\categorizingpolyhedraldice\categorizingpolyhedraldice\x64\debug\categori.9dd66d91.tlog\link-rc.read.1.tlog
c:\users\mits\source\repos\categorizing-polyhedral-dice\categorizingpolyhedraldice\categorizingpolyhedraldice\x64\debug\categori.9dd66d91.tlog\link-rc.write.1.tlog
c:\users\mits\source\repos\categorizing-polyhedral-dice\categorizingpolyhedraldice\categorizingpolyhedraldice\x64\debug\categori.9dd66d91.tlog\link.11440-cvtres.read.1.tlog
c:\users\mits\source\repos\categorizing-polyhedral-dice\categorizingpolyhedraldice\categorizingpolyhedraldice\x64\debug\categori.9dd66d91.tlog\link.11440-cvtres.write.1.tlog
c:\users\mits\source\repos\categorizing-polyhedral-dice\categorizingpolyhedraldice\categorizingpolyhedraldice\x64\debug\categori.9dd66d91.tlog\link.11440-rc.read.1.tlog
c:\users\mits\source\repos\categorizing-polyhedral-dice\categorizingpolyhedraldice\categorizingpolyhedraldice\x64\debug\categori.9dd66d91.tlog\link.11440-rc.write.1.tlog
c:\users\mits\source\repos\categorizing-polyhedral-dice\categorizingpolyhedraldice\categorizingpolyhedraldice\x64\debug\categori.9dd66d91.tlog\link.11440.read.1.tlog
c:\users\mits\source\repos\categorizing-polyhedral-dice\categorizingpolyhedraldice\categorizingpolyhedraldice\x64\debug\categori.9dd66d91.tlog\link.11440.write.1.tlog
c:\users\mits\source\repos\categorizing-polyhedral-dice\categorizingpolyhedraldice\categorizingpolyhedraldice\x64\debug\categori.9dd66d91.tlog\link.command.1.tlog
c:\users\mits\source\repos\categorizing-polyhedral-dice\categorizingpolyhedraldice\categorizingpolyhedraldice\x64\debug\categori.9dd66d91.tlog\link.read.1.tlog
c:\users\mits\source\repos\categorizing-polyhedral-dice\categorizingpolyhedraldice\categorizingpolyhedraldice\x64\debug\categori.9dd66d91.tlog\link.write.1.tlog
